10/5/13 12:47:32 PM - 10: org.apache.uima.adapter.jms.client.BaseUIMAAsynchronousEngine_impl.<init>(128): INFO: UIMA Version 2.4.0 UIMA-AS Version 2.4.0
10/5/13 12:47:33 PM - 10: org.apache.uima.adapter.jms.client.BaseUIMAAsynchronousEngine_impl.setupConnection: INFO: UIMA AS Client Created Shared Connection To Broker: tcp://localhost:61616
10/5/13 12:47:33 PM - 10: org.apache.uima.adapter.jms.client.BaseUIMAAsynchronousEngine_impl.initializeProducer: INFO: Initializing JMS Message Producer. Broker: tcp://localhost:61616 Queue Name: Score
10/5/13 12:47:33 PM - 10: org.apache.uima.adapter.jms.client.BaseUIMAAsynchronousEngine_impl.initializeConsumer: INFO: Initializing JMS Message Consumer. Broker: tcp://localhost:61616 Queue Name: ID:Tommy-33382-1380991652918-0:0:1
10/5/13 12:47:33 PM - 10: org.apache.uima.adapter.jms.client.BaseUIMAAsynchronousEngine_impl.initialize: INFO: Asynchronous Client Has Been Initialized. Serialization Strategy: [xmi] Ready To Process.
10/5/13 12:47:33 PM - 11: org.apache.uima.adapter.jms.client.BaseUIMAAsynchronousEngineCommon_impl.handleException: INFO: Received Exception In Message From Service on Queue:UimaASClient Broker: tcp://localhost:61616 Cas Identifier:70803ae9:141898452e2:-7ff8 Exception:org.apache.uima.aae.error.UimaEEServiceException: org.apache.uima.analysis_engine.AnalysisEngineProcessException: Annotator processing failed.    
10/5/13 12:47:33 PM - 12: org.apache.uima.adapter.jms.client.BaseUIMAAsynchronousEngineCommon_impl.sendAndReceiveCAS: INFO: UIMA AS Handling Exception in sendAndReceive(). CAS hashcode:9171948. ThreadMonitor Released Semaphore For Thread ID:45
10/5/13 12:47:33 PM - 12: org.apache.uima.analysis_engine.service.impl.AnalysisEngineServiceAdapter.processAndOutputNewCASes(140): SEVERE: Exception occurred
org.apache.uima.resource.ResourceServiceException: Received Exception In Message From Service on Queue:Score Broker: tcp://localhost:61616 Cas Identifier:70803ae9:141898452e2:-7ff8 Exception:{3}
	at org.apache.uima.aae.jms_adapter.JmsAnalysisEngineServiceStub.callProcess(JmsAnalysisEngineServiceStub.java:191)
	at org.apache.uima.analysis_engine.service.impl.AnalysisEngineServiceAdapter.processAndOutputNewCASes(AnalysisEngineServiceAdapter.java:129)
	at org.apache.uima.analysis_engine.impl.AnalysisEngineImplBase.process(AnalysisEngineImplBase.java:267)
	at org.apache.uima.collection.impl.cpm.engine.ProcessingUnit.processNext(ProcessingUnit.java:897)
	at org.apache.uima.collection.impl.cpm.engine.ProcessingUnit.run(ProcessingUnit.java:577)
Caused by: org.apache.uima.resource.ResourceProcessException: Received Exception In Message From Service on Queue:Score Broker: tcp://localhost:61616 Cas Identifier:70803ae9:141898452e2:-7ff8 Exception:{3}
	at org.apache.uima.adapter.jms.client.BaseUIMAAsynchronousEngineCommon_impl.sendAndReceiveCAS(BaseUIMAAsynchronousEngineCommon_impl.java:2139)
	at org.apache.uima.adapter.jms.client.BaseUIMAAsynchronousEngineCommon_impl.sendAndReceiveCAS(BaseUIMAAsynchronousEngineCommon_impl.java:1952)
	at org.apache.uima.aae.jms_adapter.JmsAnalysisEngineServiceStub.callProcess(JmsAnalysisEngineServiceStub.java:183)
	... 4 more
Caused by: org.apache.uima.aae.error.UimaEEServiceException: org.apache.uima.analysis_engine.AnalysisEngineProcessException: Annotator processing failed.    
	at org.apache.uima.adapter.jms.activemq.JmsOutputChannel.sendReply(JmsOutputChannel.java:871)
	at org.apache.uima.aae.error.handler.ProcessCasErrorHandler.sendExceptionToClient(ProcessCasErrorHandler.java:150)
	at org.apache.uima.aae.error.handler.ProcessCasErrorHandler.handleError(ProcessCasErrorHandler.java:665)
	at org.apache.uima.aae.error.ErrorHandlerChain.handle(ErrorHandlerChain.java:57)
	at org.apache.uima.aae.controller.PrimitiveAnalysisEngineController_impl.process(PrimitiveAnalysisEngineController_impl.java:950)
	at org.apache.uima.aae.handler.HandlerBase.invokeProcess(HandlerBase.java:121)
	at org.apache.uima.aae.handler.input.ProcessRequestHandler_impl.handleProcessRequestFromRemoteClient(ProcessRequestHandler_impl.java:510)
	at org.apache.uima.aae.handler.input.ProcessRequestHandler_impl.handle(ProcessRequestHandler_impl.java:1008)
	at org.apache.uima.aae.handler.input.MetadataRequestHandler_impl.handle(MetadataRequestHandler_impl.java:78)
	at org.apache.uima.adapter.jms.activemq.JmsInputChannel.onMessage(JmsInputChannel.java:702)
	at org.springframework.jms.listener.AbstractMessageListenerContainer.doInvokeListener(AbstractMessageListenerContainer.java:535)
	at org.springframework.jms.listener.AbstractMessageListenerContainer.invokeListener(AbstractMessageListenerContainer.java:495)
	at org.springframework.jms.listener.AbstractMessageListenerContainer.doExecuteListener(AbstractMessageListenerContainer.java:467)
	at org.springframework.jms.listener.AbstractPollingMessageListenerContainer.doReceiveAndExecute(AbstractPollingMessageListenerContainer.java:323)
	at org.springframework.jms.listener.AbstractPollingMessageListenerContainer.receiveAndExecute(AbstractPollingMessageListenerContainer.java:261)
	at org.springframework.jms.listener.DefaultMessageListenerContainer$AsyncMessageListenerInvoker.invokeListener(DefaultMessageListenerContainer.java:1056)
	at org.springframework.jms.listener.DefaultMessageListenerContainer$AsyncMessageListenerInvoker.run(DefaultMessageListenerContainer.java:952)
	at java.util.concurrent.ThreadPoolExecutor.runWorker(ThreadPoolExecutor.java:1146)
	at java.util.concurrent.ThreadPoolExecutor$Worker.run(ThreadPoolExecutor.java:615)
	at org.apache.uima.aae.UimaAsThreadFactory$1.run(UimaAsThreadFactory.java:118)
	at java.lang.Thread.run(Thread.java:679)
Caused by: org.apache.uima.analysis_engine.AnalysisEngineProcessException: Annotator processing failed.    
	at org.apache.uima.analysis_engine.impl.PrimitiveAnalysisEngine_impl.callAnalysisComponentProcess(PrimitiveAnalysisEngine_impl.java:391)
	at org.apache.uima.analysis_engine.impl.PrimitiveAnalysisEngine_impl.processAndOutputNewCASes(PrimitiveAnalysisEngine_impl.java:296)
	at org.apache.uima.analysis_engine.asb.impl.ASB_impl$AggregateCasIterator.processUntilNextOutputCas(ASB_impl.java:567)
	at org.apache.uima.analysis_engine.asb.impl.ASB_impl$AggregateCasIterator.<init>(ASB_impl.java:409)
	at org.apache.uima.analysis_engine.asb.impl.ASB_impl.process(ASB_impl.java:342)
	at org.apache.uima.analysis_engine.impl.AggregateAnalysisEngine_impl.processAndOutputNewCASes(AggregateAnalysisEngine_impl.java:267)
	at org.apache.uima.aae.controller.PrimitiveAnalysisEngineController_impl.process(PrimitiveAnalysisEngineController_impl.java:584)
	... 16 more
Caused by: java.lang.ArrayIndexOutOfBoundsException: 1
	at edu.cmu.hw2.annotators.TextElementAnnotator.parseAnswer(TextElementAnnotator.java:50)
	at edu.cmu.hw2.annotators.TextElementAnnotator.process(TextElementAnnotator.java:28)
	at org.apache.uima.analysis_component.JCasAnnotator_ImplBase.process(JCasAnnotator_ImplBase.java:48)
	at org.apache.uima.analysis_engine.impl.PrimitiveAnalysisEngine_impl.callAnalysisComponentProcess(PrimitiveAnalysisEngine_impl.java:375)
	... 22 more

10/5/13 12:47:34 PM - 12: org.apache.uima.collection.impl.cpm.engine.ProcessingUnit.process: SEVERE: The container hw2-chens1-aae-client.xml returned the following error message: Received Exception In Message From Service on Queue:Score Broker: tcp://localhost:61616 Cas Identifier:70803ae9:141898452e2:-7ff8 Exception:{3} (Thread Name: [Procesing Pipeline#1 Thread]::) 
10/5/13 12:47:34 PM - 12: org.apache.uima.collection.impl.cpm.engine.ProcessingUnit.maybeLogSevereException(2502): SEVERE: Thread: [Procesing Pipeline#1 Thread]::, message: Received Exception In Message From Service on Queue:Score Broker: tcp://localhost:61616 Cas Identifier:70803ae9:141898452e2:-7ff8 Exception:{3}
org.apache.uima.analysis_engine.AnalysisEngineProcessException: Received Exception In Message From Service on Queue:Score Broker: tcp://localhost:61616 Cas Identifier:70803ae9:141898452e2:-7ff8 Exception:{3}
	at org.apache.uima.analysis_engine.service.impl.AnalysisEngineServiceAdapter.processAndOutputNewCASes(AnalysisEngineServiceAdapter.java:142)
	at org.apache.uima.analysis_engine.impl.AnalysisEngineImplBase.process(AnalysisEngineImplBase.java:267)
	at org.apache.uima.collection.impl.cpm.engine.ProcessingUnit.processNext(ProcessingUnit.java:897)
	at org.apache.uima.collection.impl.cpm.engine.ProcessingUnit.run(ProcessingUnit.java:577)
Caused by: org.apache.uima.resource.ResourceServiceException: Received Exception In Message From Service on Queue:Score Broker: tcp://localhost:61616 Cas Identifier:70803ae9:141898452e2:-7ff8 Exception:{3}
	at org.apache.uima.aae.jms_adapter.JmsAnalysisEngineServiceStub.callProcess(JmsAnalysisEngineServiceStub.java:191)
	at org.apache.uima.analysis_engine.service.impl.AnalysisEngineServiceAdapter.processAndOutputNewCASes(AnalysisEngineServiceAdapter.java:129)
	... 3 more
Caused by: org.apache.uima.resource.ResourceProcessException: Received Exception In Message From Service on Queue:Score Broker: tcp://localhost:61616 Cas Identifier:70803ae9:141898452e2:-7ff8 Exception:{3}
	at org.apache.uima.adapter.jms.client.BaseUIMAAsynchronousEngineCommon_impl.sendAndReceiveCAS(BaseUIMAAsynchronousEngineCommon_impl.java:2139)
	at org.apache.uima.adapter.jms.client.BaseUIMAAsynchronousEngineCommon_impl.sendAndReceiveCAS(BaseUIMAAsynchronousEngineCommon_impl.java:1952)
	at org.apache.uima.aae.jms_adapter.JmsAnalysisEngineServiceStub.callProcess(JmsAnalysisEngineServiceStub.java:183)
	... 4 more
Caused by: org.apache.uima.aae.error.UimaEEServiceException: org.apache.uima.analysis_engine.AnalysisEngineProcessException: Annotator processing failed.    
	at org.apache.uima.adapter.jms.activemq.JmsOutputChannel.sendReply(JmsOutputChannel.java:871)
	at org.apache.uima.aae.error.handler.ProcessCasErrorHandler.sendExceptionToClient(ProcessCasErrorHandler.java:150)
	at org.apache.uima.aae.error.handler.ProcessCasErrorHandler.handleError(ProcessCasErrorHandler.java:665)
	at org.apache.uima.aae.error.ErrorHandlerChain.handle(ErrorHandlerChain.java:57)
	at org.apache.uima.aae.controller.PrimitiveAnalysisEngineController_impl.process(PrimitiveAnalysisEngineController_impl.java:950)
	at org.apache.uima.aae.handler.HandlerBase.invokeProcess(HandlerBase.java:121)
	at org.apache.uima.aae.handler.input.ProcessRequestHandler_impl.handleProcessRequestFromRemoteClient(ProcessRequestHandler_impl.java:510)
	at org.apache.uima.aae.handler.input.ProcessRequestHandler_impl.handle(ProcessRequestHandler_impl.java:1008)
	at org.apache.uima.aae.handler.input.MetadataRequestHandler_impl.handle(MetadataRequestHandler_impl.java:78)
	at org.apache.uima.adapter.jms.activemq.JmsInputChannel.onMessage(JmsInputChannel.java:702)
	at org.springframework.jms.listener.AbstractMessageListenerContainer.doInvokeListener(AbstractMessageListenerContainer.java:535)
	at org.springframework.jms.listener.AbstractMessageListenerContainer.invokeListener(AbstractMessageListenerContainer.java:495)
	at org.springframework.jms.listener.AbstractMessageListenerContainer.doExecuteListener(AbstractMessageListenerContainer.java:467)
	at org.springframework.jms.listener.AbstractPollingMessageListenerContainer.doReceiveAndExecute(AbstractPollingMessageListenerContainer.java:323)
	at org.springframework.jms.listener.AbstractPollingMessageListenerContainer.receiveAndExecute(AbstractPollingMessageListenerContainer.java:261)
	at org.springframework.jms.listener.DefaultMessageListenerContainer$AsyncMessageListenerInvoker.invokeListener(DefaultMessageListenerContainer.java:1056)
	at org.springframework.jms.listener.DefaultMessageListenerContainer$AsyncMessageListenerInvoker.run(DefaultMessageListenerContainer.java:952)
	at java.util.concurrent.ThreadPoolExecutor.runWorker(ThreadPoolExecutor.java:1146)
	at java.util.concurrent.ThreadPoolExecutor$Worker.run(ThreadPoolExecutor.java:615)
	at org.apache.uima.aae.UimaAsThreadFactory$1.run(UimaAsThreadFactory.java:118)
	at java.lang.Thread.run(Thread.java:679)
Caused by: org.apache.uima.analysis_engine.AnalysisEngineProcessException: Annotator processing failed.    
	at org.apache.uima.analysis_engine.impl.PrimitiveAnalysisEngine_impl.callAnalysisComponentProcess(PrimitiveAnalysisEngine_impl.java:391)
	at org.apache.uima.analysis_engine.impl.PrimitiveAnalysisEngine_impl.processAndOutputNewCASes(PrimitiveAnalysisEngine_impl.java:296)
	at org.apache.uima.analysis_engine.asb.impl.ASB_impl$AggregateCasIterator.processUntilNextOutputCas(ASB_impl.java:567)
	at org.apache.uima.analysis_engine.asb.impl.ASB_impl$AggregateCasIterator.<init>(ASB_impl.java:409)
	at org.apache.uima.analysis_engine.asb.impl.ASB_impl.process(ASB_impl.java:342)
	at org.apache.uima.analysis_engine.impl.AggregateAnalysisEngine_impl.processAndOutputNewCASes(AggregateAnalysisEngine_impl.java:267)
	at org.apache.uima.aae.controller.PrimitiveAnalysisEngineController_impl.process(PrimitiveAnalysisEngineController_impl.java:584)
	... 16 more
Caused by: java.lang.ArrayIndexOutOfBoundsException: 1
	at edu.cmu.hw2.annotators.TextElementAnnotator.parseAnswer(TextElementAnnotator.java:50)
	at edu.cmu.hw2.annotators.TextElementAnnotator.process(TextElementAnnotator.java:28)
	at org.apache.uima.analysis_component.JCasAnnotator_ImplBase.process(JCasAnnotator_ImplBase.java:48)
	at org.apache.uima.analysis_engine.impl.PrimitiveAnalysisEngine_impl.callAnalysisComponentProcess(PrimitiveAnalysisEngine_impl.java:375)
	... 22 more

10/5/13 12:47:37 PM - 12: org.apache.uima.collection.impl.cpm.container.ProcessingContainer_Impl.process: SEVERE: The CPM stopped because the configured error threshold 0 was exceeded. (Thread Name: [Procesing Pipeline#1 Thread]::) Component Name: hw2-chens1-aae-client.xml 
10/5/13 12:47:37 PM - 12: org.apache.uima.collection.impl.cpm.engine.ProcessingUnit.process: SEVERE: The CPM is terminating. The current component is hw2-chens1-aae-client.xml. (Thread Name: [Procesing Pipeline#1 Thread]::) 
10/5/13 12:47:37 PM - 12: org.apache.uima.collection.impl.cpm.engine.ProcessingUnit.process: WARNING: The CPM cannot be stopped by force. The current container is hw2-chens1-aae-client.xml. (Thread Name: [Procesing Pipeline#1 Thread]::) Reason: The CAS processor hw2-chens1-aae-client.xml is configured to stop the CPM when excessive errors are encountered.  (Thread Name: [Procesing Pipeline#1 Thread]::)
10/5/13 12:47:37 PM - 12: org.apache.uima.collection.impl.cpm.engine.ProcessingUnit.maybeLogSevereException(2502): SEVERE: Thread: [Procesing Pipeline#1 Thread]::, message: 
org.apache.uima.collection.base_cpm.AbortCPMException: 
	at org.apache.uima.collection.impl.cpm.container.ProcessingContainer_Impl.incrementCasProcessorErrors(ProcessingContainer_Impl.java:804)
	at org.apache.uima.collection.impl.cpm.engine.ProcessingUnit.processNext(ProcessingUnit.java:1041)
	at org.apache.uima.collection.impl.cpm.engine.ProcessingUnit.run(ProcessingUnit.java:577)

10/5/13 12:47:37 PM - 12: org.apache.uima.collection.impl.cpm.engine.CPMEngine.process: INFO: The collection reader thread state is: 1004 (Thread Name: [Procesing Pipeline#1 Thread]::) 
10/5/13 12:47:37 PM - 12: org.apache.uima.collection.impl.cpm.engine.CPMEngine.process: INFO: The CPM processing unit is 0 and processing state 2003. (Thread Name: [Procesing Pipeline#1 Thread]::)
10/5/13 12:47:37 PM - 12: org.apache.uima.collection.impl.cpm.engine.CPMEngine.process: INFO: The CAS consumer thread state is 2001. (Thread Name: [Procesing Pipeline#1 Thread]::) 
10/5/13 12:47:37 PM - 12: org.apache.uima.collection.impl.cpm.engine.CPMEngine.process: INFO: The application stopped the CPM. (Thread Name: [Procesing Pipeline#1 Thread]::)
10/5/13 12:47:37 PM - 12: org.apache.uima.collection.impl.cpm.engine.CPMEngine.process: INFO: The CPM engine is stopping. An end-of-file token is added to the worker queue. (Thread Name: [Procesing Pipeline#1 Thread]::) Forced stop: true
10/5/13 12:47:37 PM - 13: org.apache.uima.adapter.jms.client.BaseUIMAAsynchronousEngineCommon_impl.stop: INFO: Stopping Asynchronous Client.
10/5/13 12:47:37 PM - 13: org.apache.uima.adapter.jms.client.BaseUIMAAsynchronousEngineCommon_impl.stop: INFO: Asynchronous Client Has Stopped.
10/5/13 12:47:37 PM - 13: org.apache.uima.adapter.jms.client.BaseUIMAAsynchronousEngineCommon_impl$SharedConnection.destroy: INFO: UIMA AS Client Shared Connection Has Been Closed   
10/5/13 12:47:37 PM - 13: org.apache.uima.adapter.jms.client.BaseUIMAAsynchronousEngine_impl.stop: INFO: UIMA AS Client Undeployed All Containers
10/5/13 12:48:08 PM - 14: org.apache.uima.analysis_engine.impl.PrimitiveAnalysisEngine_impl.callAnalysisComponentProcess(407): SEVERE: Exception occurred
org.apache.uima.analysis_engine.AnalysisEngineProcessException: Annotator processing failed.    
	at org.apache.uima.analysis_engine.impl.PrimitiveAnalysisEngine_impl.callAnalysisComponentProcess(PrimitiveAnalysisEngine_impl.java:391)
	at org.apache.uima.analysis_engine.impl.PrimitiveAnalysisEngine_impl.processAndOutputNewCASes(PrimitiveAnalysisEngine_impl.java:296)
	at org.apache.uima.analysis_engine.asb.impl.ASB_impl$AggregateCasIterator.processUntilNextOutputCas(ASB_impl.java:567)
	at org.apache.uima.analysis_engine.asb.impl.ASB_impl$AggregateCasIterator.<init>(ASB_impl.java:409)
	at org.apache.uima.analysis_engine.asb.impl.ASB_impl.process(ASB_impl.java:342)
	at org.apache.uima.analysis_engine.impl.AggregateAnalysisEngine_impl.processAndOutputNewCASes(AggregateAnalysisEngine_impl.java:267)
	at org.apache.uima.analysis_engine.impl.AnalysisEngineImplBase.process(AnalysisEngineImplBase.java:267)
	at org.apache.uima.collection.impl.cpm.engine.ProcessingUnit.processNext(ProcessingUnit.java:897)
	at org.apache.uima.collection.impl.cpm.engine.ProcessingUnit.run(ProcessingUnit.java:577)
Caused by: java.lang.ArrayIndexOutOfBoundsException: 1
	at edu.cmu.hw2.annotators.TextElementAnnotator.parseAnswer(TextElementAnnotator.java:50)
	at edu.cmu.hw2.annotators.TextElementAnnotator.process(TextElementAnnotator.java:28)
	at org.apache.uima.analysis_component.JCasAnnotator_ImplBase.process(JCasAnnotator_ImplBase.java:48)
	at org.apache.uima.analysis_engine.impl.PrimitiveAnalysisEngine_impl.callAnalysisComponentProcess(PrimitiveAnalysisEngine_impl.java:375)
	... 8 more

10/5/13 12:48:08 PM - 14: org.apache.uima.analysis_engine.impl.AggregateAnalysisEngine_impl.processAndOutputNewCASes(275): SEVERE: Exception occurred
org.apache.uima.analysis_engine.AnalysisEngineProcessException: Annotator processing failed.    
	at org.apache.uima.analysis_engine.impl.PrimitiveAnalysisEngine_impl.callAnalysisComponentProcess(PrimitiveAnalysisEngine_impl.java:391)
	at org.apache.uima.analysis_engine.impl.PrimitiveAnalysisEngine_impl.processAndOutputNewCASes(PrimitiveAnalysisEngine_impl.java:296)
	at org.apache.uima.analysis_engine.asb.impl.ASB_impl$AggregateCasIterator.processUntilNextOutputCas(ASB_impl.java:567)
	at org.apache.uima.analysis_engine.asb.impl.ASB_impl$AggregateCasIterator.<init>(ASB_impl.java:409)
	at org.apache.uima.analysis_engine.asb.impl.ASB_impl.process(ASB_impl.java:342)
	at org.apache.uima.analysis_engine.impl.AggregateAnalysisEngine_impl.processAndOutputNewCASes(AggregateAnalysisEngine_impl.java:267)
	at org.apache.uima.analysis_engine.impl.AnalysisEngineImplBase.process(AnalysisEngineImplBase.java:267)
	at org.apache.uima.collection.impl.cpm.engine.ProcessingUnit.processNext(ProcessingUnit.java:897)
	at org.apache.uima.collection.impl.cpm.engine.ProcessingUnit.run(ProcessingUnit.java:577)
Caused by: java.lang.ArrayIndexOutOfBoundsException: 1
	at edu.cmu.hw2.annotators.TextElementAnnotator.parseAnswer(TextElementAnnotator.java:50)
	at edu.cmu.hw2.annotators.TextElementAnnotator.process(TextElementAnnotator.java:28)
	at org.apache.uima.analysis_component.JCasAnnotator_ImplBase.process(JCasAnnotator_ImplBase.java:48)
	at org.apache.uima.analysis_engine.impl.PrimitiveAnalysisEngine_impl.callAnalysisComponentProcess(PrimitiveAnalysisEngine_impl.java:375)
	... 8 more

10/5/13 12:48:08 PM - 14: org.apache.uima.collection.impl.cpm.engine.ProcessingUnit.process: SEVERE: The container hw2-chens1-aae returned the following error message: Annotator processing failed.     (Thread Name: [Procesing Pipeline#1 Thread]::) 
10/5/13 12:48:08 PM - 14: org.apache.uima.collection.impl.cpm.engine.ProcessingUnit.maybeLogSevereException(2502): SEVERE: Thread: [Procesing Pipeline#1 Thread]::, message: Annotator processing failed.    
org.apache.uima.analysis_engine.AnalysisEngineProcessException: Annotator processing failed.    
	at org.apache.uima.analysis_engine.impl.PrimitiveAnalysisEngine_impl.callAnalysisComponentProcess(PrimitiveAnalysisEngine_impl.java:391)
	at org.apache.uima.analysis_engine.impl.PrimitiveAnalysisEngine_impl.processAndOutputNewCASes(PrimitiveAnalysisEngine_impl.java:296)
	at org.apache.uima.analysis_engine.asb.impl.ASB_impl$AggregateCasIterator.processUntilNextOutputCas(ASB_impl.java:567)
	at org.apache.uima.analysis_engine.asb.impl.ASB_impl$AggregateCasIterator.<init>(ASB_impl.java:409)
	at org.apache.uima.analysis_engine.asb.impl.ASB_impl.process(ASB_impl.java:342)
	at org.apache.uima.analysis_engine.impl.AggregateAnalysisEngine_impl.processAndOutputNewCASes(AggregateAnalysisEngine_impl.java:267)
	at org.apache.uima.analysis_engine.impl.AnalysisEngineImplBase.process(AnalysisEngineImplBase.java:267)
	at org.apache.uima.collection.impl.cpm.engine.ProcessingUnit.processNext(ProcessingUnit.java:897)
	at org.apache.uima.collection.impl.cpm.engine.ProcessingUnit.run(ProcessingUnit.java:577)
Caused by: java.lang.ArrayIndexOutOfBoundsException: 1
	at edu.cmu.hw2.annotators.TextElementAnnotator.parseAnswer(TextElementAnnotator.java:50)
	at edu.cmu.hw2.annotators.TextElementAnnotator.process(TextElementAnnotator.java:28)
	at org.apache.uima.analysis_component.JCasAnnotator_ImplBase.process(JCasAnnotator_ImplBase.java:48)
	at org.apache.uima.analysis_engine.impl.PrimitiveAnalysisEngine_impl.callAnalysisComponentProcess(PrimitiveAnalysisEngine_impl.java:375)
	... 8 more

10/5/13 12:48:12 PM - 14: org.apache.uima.collection.impl.cpm.container.ProcessingContainer_Impl.process: SEVERE: The CPM stopped because the configured error threshold 0 was exceeded. (Thread Name: [Procesing Pipeline#1 Thread]::) Component Name: hw2-chens1-aae 
10/5/13 12:48:12 PM - 14: org.apache.uima.collection.impl.cpm.engine.ProcessingUnit.process: SEVERE: The CPM is terminating. The current component is hw2-chens1-aae. (Thread Name: [Procesing Pipeline#1 Thread]::) 
10/5/13 12:48:12 PM - 14: org.apache.uima.collection.impl.cpm.engine.ProcessingUnit.process: WARNING: The CPM cannot be stopped by force. The current container is hw2-chens1-aae. (Thread Name: [Procesing Pipeline#1 Thread]::) Reason: The CAS processor hw2-chens1-aae is configured to stop the CPM when excessive errors are encountered.  (Thread Name: [Procesing Pipeline#1 Thread]::)
10/5/13 12:48:12 PM - 14: org.apache.uima.collection.impl.cpm.engine.ProcessingUnit.maybeLogSevereException(2502): SEVERE: Thread: [Procesing Pipeline#1 Thread]::, message: 
org.apache.uima.collection.base_cpm.AbortCPMException: 
	at org.apache.uima.collection.impl.cpm.container.ProcessingContainer_Impl.incrementCasProcessorErrors(ProcessingContainer_Impl.java:804)
	at org.apache.uima.collection.impl.cpm.engine.ProcessingUnit.processNext(ProcessingUnit.java:1041)
	at org.apache.uima.collection.impl.cpm.engine.ProcessingUnit.run(ProcessingUnit.java:577)

10/5/13 12:48:12 PM - 14: org.apache.uima.collection.impl.cpm.engine.CPMEngine.process: INFO: The collection reader thread state is: 1004 (Thread Name: [Procesing Pipeline#1 Thread]::) 
10/5/13 12:48:12 PM - 14: org.apache.uima.collection.impl.cpm.engine.CPMEngine.process: INFO: The CPM processing unit is 0 and processing state 2003. (Thread Name: [Procesing Pipeline#1 Thread]::)
10/5/13 12:48:12 PM - 14: org.apache.uima.collection.impl.cpm.engine.CPMEngine.process: INFO: The CAS consumer thread state is 2001. (Thread Name: [Procesing Pipeline#1 Thread]::) 
10/5/13 12:48:12 PM - 14: org.apache.uima.collection.impl.cpm.engine.CPMEngine.process: INFO: The application stopped the CPM. (Thread Name: [Procesing Pipeline#1 Thread]::)
10/5/13 12:48:12 PM - 14: org.apache.uima.collection.impl.cpm.engine.CPMEngine.process: INFO: The CPM engine is stopping. An end-of-file token is added to the worker queue. (Thread Name: [Procesing Pipeline#1 Thread]::) Forced stop: true
